[sosyalmedyahizmetlerim.com/index.html]
[backblue.gif]
[fade.gif]
[index.html]
[sosyalmedyahizmetlerim.com/images/4de62d12209f2c3b18bc8a19eca399e914835762.png]
[sosyalmedyahizmetlerim.com/css/panel/yeti/bootstrap.css]
[sosyalmedyahizmetlerim.com/css/panel/yeti/style.css]
[sosyalmedyahizmetlerim.com/js/datepicker/css/bootstrap-datepicker3.min.css]
[cdn.mypanel.link/css/font-awesome/css/all.min.css]
[cdnjs.cloudflare.com/ajax/libs/OwlCarousel2/2.3.4/assets/owl.carousel.min.css]
[cdnjs.cloudflare.com/ajax/libs/OwlCarousel2/2.3.4/assets/owl.theme.default.min.css]
[code.jquery.com/jquery-3.3.1.slim.min.js]
[cdnjs.cloudflare.com/ajax/libs/popper.js/1.12.2/umd/popper.min.js]
[sosyalmedyahizmetlerim.com/images/7750ca3559e5b8e1f44210283368fc16.png]
[sosyalmedyahizmetlerim.com/services.html]
[sosyalmedyahizmetlerim.com/api.html]
[sosyalmedyahizmetlerim.com/signup.html]
[sosyalmedyahizmetlerim.com/img/btn-mid-user.png]
[sosyalmedyahizmetlerim.com/img/shape1.png]
[sosyalmedyahizmetlerim.com/img/shape2.png]
[sosyalmedyahizmetlerim.com/img/shape3.png]
[sosyalmedyahizmetlerim.com/resetpassword.html]
[sosyalmedyahizmetlerim.com/img/main-img.png]
[sosyalmedyahizmetlerim.com/img/main-img2.png]
[sosyalmedyahizmetlerim.com/img/icon1.png]
[sosyalmedyahizmetlerim.com/img/icon2.png]
[sosyalmedyahizmetlerim.com/img/icon3.png]
[sosyalmedyahizmetlerim.com/img/icon4.png]
[sosyalmedyahizmetlerim.com/terms.html]
[sosyalmedyahizmetlerim.com/faq.html]
[code.jquery.com/jquery-3.5.1.min.js]
[cdnjs.cloudflare.com/ajax/libs/OwlCarousel2/2.3.4/owl.carousel.min.js]
[www.google.com/recaptcha/api9e3e.js]
[cdnjs.cloudflare.com/ajax/libs/jquery/1.12.4/jquery.min.js]
[sosyalmedyahizmetlerim.com/js/panel/yeti/script.js]
[sosyalmedyahizmetlerim.com/js/main.js]
[sosyalmedyahizmetlerim.com/js/panel/yeti/bootstrap.js]
[sosyalmedyahizmetlerim.com/js/datepicker/js/bootstrap-datepicker.min.js]
[sosyalmedyahizmetlerim.com/js/datepicker/locales/bootstrap-datepicker.tr.min.js]
[external.html]
[sosyalmedyahizmetlerim.com/index.html]
[sosyalmedyahizmetlerim.com/css/panel/yeti/bootstrap.css]
[sosyalmedyahizmetlerim.com/css/panel/yeti/style.css]
[sosyalmedyahizmetlerim.com/js/datepicker/css/bootstrap-datepicker3.min.css]
[cdn.mypanel.link/css/font-awesome/css/all.min.css]
[cdnjs.cloudflare.com/ajax/libs/OwlCarousel2/2.3.4/assets/owl.carousel.min.css]
[cdnjs.cloudflare.com/ajax/libs/OwlCarousel2/2.3.4/assets/owl.theme.default.min.css]
[cdnjs.cloudflare.com/ajax/libs/OwlCarousel2/2.3.4/assets/owl.video.play.png]
[sosyalmedyahizmetlerim.com/tickets.26.delayed]
[sosyalmedyahizmetlerim.com/logout]
[sosyalmedyahizmetlerim.com/logout]
[sosyalmedyahizmetlerim.com/logout]
[sosyalmedyahizmetlerim.com/logout]
[sosyalmedyahizmetlerim.com/logout]
[sosyalmedyahizmetlerim.com/logout]
[sosyalmedyahizmetlerim.com/logout]
[sosyalmedyahizmetlerim.com/logout]
[sosyalmedyahizmetlerim.com/logout]
[sosyalmedyahizmetlerim.com/logout]
[sosyalmedyahizmetlerim.com/logout]
[sosyalmedyahizmetlerim.com/logout]
[sosyalmedyahizmetlerim.com/logout]
[sosyalmedyahizmetlerim.com/logout]
[sosyalmedyahizmetlerim.com/logout]
[sosyalmedyahizmetlerim.com/logout]
[sosyalmedyahizmetlerim.com/logout]
[sosyalmedyahizmetlerim.com/logout]
[sosyalmedyahizmetlerim.com/logout]
[sosyalmedyahizmetlerim.com/logout]
[sosyalmedyahizmetlerim.com/logout]
[sosyalmedyahizmetlerim.com/logout]
[sosyalmedyahizmetlerim.com/logout]
[sosyalmedyahizmetlerim.com/logout]
[sosyalmedyahizmetlerim.com/logout]
[sosyalmedyahizmetlerim.com/logout]
[sosyalmedyahizmetlerim.com/logout]
[sosyalmedyahizmetlerim.com/logout]
[sosyalmedyahizmetlerim.com/logout]
[sosyalmedyahizmetlerim.com/logout]
[sosyalmedyahizmetlerim.com/logout]
[sosyalmedyahizmetlerim.com/logout]
[sosyalmedyahizmetlerim.com/logout]
[sosyalmedyahizmetlerim.com/logout]
[sosyalmedyahizmetlerim.com/logout]
[sosyalmedyahizmetlerim.com/logout]
[sosyalmedyahizmetlerim.com/logout]
[sosyalmedyahizmetlerim.com/logout]
[sosyalmedyahizmetlerim.com/logout]
[sosyalmedyahizmetlerim.com/logout]
[sosyalmedyahizmetlerim.com/logout]
[sosyalmedyahizmetlerim.com/logout]
[sosyalmedyahizmetlerim.com/logout]
[sosyalmedyahizmetlerim.com/logout]
[sosyalmedyahizmetlerim.com/logout]
[sosyalmedyahizmetlerim.com/logout]
[sosyalmedyahizmetlerim.com/logout]
[sosyalmedyahizmetlerim.com/logout]
[sosyalmedyahizmetlerim.com/logout]
[sosyalmedyahizmetlerim.com/logout]
[sosyalmedyahizmetlerim.com/logout]
[sosyalmedyahizmetlerim.com/logout]
[sosyalmedyahizmetlerim.com/logout]
[sosyalmedyahizmetlerim.com/logout]
[sosyalmedyahizmetlerim.com/logout]
[sosyalmedyahizmetlerim.com/logout]
[sosyalmedyahizmetlerim.com/logout]
[sosyalmedyahizmetlerim.com/logout]
[sosyalmedyahizmetlerim.com/logout]
[sosyalmedyahizmetlerim.com/logout]
[sosyalmedyahizmetlerim.com/logout]
[sosyalmedyahizmetlerim.com/logout]
[sosyalmedyahizmetlerim.com/logout]
[sosyalmedyahizmetlerim.com/logout]
[sosyalmedyahizmetlerim.com/logout]
[sosyalmedyahizmetlerim.com/logout]
[sosyalmedyahizmetlerim.com/logout]
[sosyalmedyahizmetlerim.com/logout]
[sosyalmedyahizmetlerim.com/logout]
[sosyalmedyahizmetlerim.com/logout]
[sosyalmedyahizmetlerim.com/logout]
[sosyalmedyahizmetlerim.com/logout]
[sosyalmedyahizmetlerim.com/logout]
[sosyalmedyahizmetlerim.com/logout]
[sosyalmedyahizmetlerim.com/logout]
[sosyalmedyahizmetlerim.com/logout]
[sosyalmedyahizmetlerim.com/logout]
[sosyalmedyahizmetlerim.com/logout]
[sosyalmedyahizmetlerim.com/logout]
[sosyalmedyahizmetlerim.com/logout]
[sosyalmedyahizmetlerim.com/logout]
[sosyalmedyahizmetlerim.com/logout]
[sosyalmedyahizmetlerim.com/logout]
[sosyalmedyahizmetlerim.com/logout]
[sosyalmedyahizmetlerim.com/logout]
[sosyalmedyahizmetlerim.com/logout]
[sosyalmedyahizmetlerim.com/logout]
[sosyalmedyahizmetlerim.com/logout]
[sosyalmedyahizmetlerim.com/logout]
[sosyalmedyahizmetlerim.com/logout]
[sosyalmedyahizmetlerim.com/logout]
[sosyalmedyahizmetlerim.com/logout]
[sosyalmedyahizmetlerim.com/logout]
[sosyalmedyahizmetlerim.com/logout]
[sosyalmedyahizmetlerim.com/logout]
[sosyalmedyahizmetlerim.com/logout]
[sosyalmedyahizmetlerim.com/logout]
[sosyalmedyahizmetlerim.com/logout]
[sosyalmedyahizmetlerim.com/logout]
[sosyalmedyahizmetlerim.com/logout]
[sosyalmedyahizmetlerim.com/logout]
[sosyalmedyahizmetlerim.com/logout]
[sosyalmedyahizmetlerim.com/logout]
[sosyalmedyahizmetlerim.com/logout]
[sosyalmedyahizmetlerim.com/logout]
[sosyalmedyahizmetlerim.com/logout]
[sosyalmedyahizmetlerim.com/logout]
[sosyalmedyahizmetlerim.com/logout]
[sosyalmedyahizmetlerim.com/logout]
[sosyalmedyahizmetlerim.com/logout]
[sosyalmedyahizmetlerim.com/logout]
[sosyalmedyahizmetlerim.com/logout]
[sosyalmedyahizmetlerim.com/logout]
[sosyalmedyahizmetlerim.com/logout]
[sosyalmedyahizmetlerim.com/logout]
[sosyalmedyahizmetlerim.com/logout]
[sosyalmedyahizmetlerim.com/logout]
[sosyalmedyahizmetlerim.com/logout]
[sosyalmedyahizmetlerim.com/logout]
[sosyalmedyahizmetlerim.com/logout]
[sosyalmedyahizmetlerim.com/logout]
[sosyalmedyahizmetlerim.com/logout]
[sosyalmedyahizmetlerim.com/logout]
[sosyalmedyahizmetlerim.com/logout]
[sosyalmedyahizmetlerim.com/logout]
[sosyalmedyahizmetlerim.com/logout]
[sosyalmedyahizmetlerim.com/logout]
[sosyalmedyahizmetlerim.com/logout]
[sosyalmedyahizmetlerim.com/logout]
[sosyalmedyahizmetlerim.com/logout]
[sosyalmedyahizmetlerim.com/logout]
[sosyalmedyahizmetlerim.com/logout]
[sosyalmedyahizmetlerim.com/logout]
[sosyalmedyahizmetlerim.com/logout]
[sosyalmedyahizmetlerim.com/logout]
[sosyalmedyahizmetlerim.com/logout]
[sosyalmedyahizmetlerim.com/logout]
[sosyalmedyahizmetlerim.com/logout]
[sosyalmedyahizmetlerim.com/logout]
[sosyalmedyahizmetlerim.com/logout]
[sosyalmedyahizmetlerim.com/logout]
[sosyalmedyahizmetlerim.com/logout]
[sosyalmedyahizmetlerim.com/logout]
[sosyalmedyahizmetlerim.com/logout]
[sosyalmedyahizmetlerim.com/logout]
[sosyalmedyahizmetlerim.com/logout]
[sosyalmedyahizmetlerim.com/logout]
[sosyalmedyahizmetlerim.com/logout]
[sosyalmedyahizmetlerim.com/logout]
[sosyalmedyahizmetlerim.com/logout]
[sosyalmedyahizmetlerim.com/logout]
[sosyalmedyahizmetlerim.com/logout]
[sosyalmedyahizmetlerim.com/logout]
[sosyalmedyahizmetlerim.com/logout]
[sosyalmedyahizmetlerim.com/logout]
[sosyalmedyahizmetlerim.com/logout]
[sosyalmedyahizmetlerim.com/logout]
[sosyalmedyahizmetlerim.com/logout]
[sosyalmedyahizmetlerim.com/logout]
[sosyalmedyahizmetlerim.com/logout]
[sosyalmedyahizmetlerim.com/logout]
[sosyalmedyahizmetlerim.com/logout]
[sosyalmedyahizmetlerim.com/logout]
[sosyalmedyahizmetlerim.com/logout]
[sosyalmedyahizmetlerim.com/logout]
[sosyalmedyahizmetlerim.com/logout]
[sosyalmedyahizmetlerim.com/logout]
[sosyalmedyahizmetlerim.com/logout]
[sosyalmedyahizmetlerim.com/logout]
[sosyalmedyahizmetlerim.com/logout]
[sosyalmedyahizmetlerim.com/logout]
[sosyalmedyahizmetlerim.com/logout]
[sosyalmedyahizmetlerim.com/logout]
[sosyalmedyahizmetlerim.com/logout]
[sosyalmedyahizmetlerim.com/logout]
[sosyalmedyahizmetlerim.com/logout]
[sosyalmedyahizmetlerim.com/logout]
[sosyalmedyahizmetlerim.com/logout]
[sosyalmedyahizmetlerim.com/logout]
[sosyalmedyahizmetlerim.com/logout]
[sosyalmedyahizmetlerim.com/logout]
[sosyalmedyahizmetlerim.com/logout]
[sosyalmedyahizmetlerim.com/logout]
[sosyalmedyahizmetlerim.com/logout]
[sosyalmedyahizmetlerim.com/logout]
[sosyalmedyahizmetlerim.com/logout]
[sosyalmedyahizmetlerim.com/logout]
[sosyalmedyahizmetlerim.com/logout]
[sosyalmedyahizmetlerim.com/logout]
[sosyalmedyahizmetlerim.com/logout]
[sosyalmedyahizmetlerim.com/logout]
[sosyalmedyahizmetlerim.com/logout]
[sosyalmedyahizmetlerim.com/logout]
[sosyalmedyahizmetlerim.com/logout]
[sosyalmedyahizmetlerim.com/logout]
[sosyalmedyahizmetlerim.com/logout]
[sosyalmedyahizmetlerim.com/logout]
[sosyalmedyahizmetlerim.com/logout]
[sosyalmedyahizmetlerim.com/logout]
[sosyalmedyahizmetlerim.com/logout]
[sosyalmedyahizmetlerim.com/logout]
[sosyalmedyahizmetlerim.com/logout]
[sosyalmedyahizmetlerim.com/logout]
[sosyalmedyahizmetlerim.com/logout]
[sosyalmedyahizmetlerim.com/logout]
[sosyalmedyahizmetlerim.com/logout]
[sosyalmedyahizmetlerim.com/logout]
[sosyalmedyahizmetlerim.com/logout]
[sosyalmedyahizmetlerim.com/logout]
[sosyalmedyahizmetlerim.com/logout]
[sosyalmedyahizmetlerim.com/logout]
[sosyalmedyahizmetlerim.com/logout]
[sosyalmedyahizmetlerim.com/logout]
[sosyalmedyahizmetlerim.com/logout]
[sosyalmedyahizmetlerim.com/logout]
[sosyalmedyahizmetlerim.com/logout]
[sosyalmedyahizmetlerim.com/logout]
[sosyalmedyahizmetlerim.com/logout]
[sosyalmedyahizmetlerim.com/logout]
[sosyalmedyahizmetlerim.com/logout]
[sosyalmedyahizmetlerim.com/logout]
[sosyalmedyahizmetlerim.com/logout]
[sosyalmedyahizmetlerim.com/logout]
[sosyalmedyahizmetlerim.com/logout]
[sosyalmedyahizmetlerim.com/logout]
[sosyalmedyahizmetlerim.com/logout]
[sosyalmedyahizmetlerim.com/logout]
[sosyalmedyahizmetlerim.com/logout]
[sosyalmedyahizmetlerim.com/logout]
[sosyalmedyahizmetlerim.com/logout]
[sosyalmedyahizmetlerim.com/logout]
[sosyalmedyahizmetlerim.com/logout]
[sosyalmedyahizmetlerim.com/logout]
[sosyalmedyahizmetlerim.com/logout]
[sosyalmedyahizmetlerim.com/logout]
[sosyalmedyahizmetlerim.com/logout]
[sosyalmedyahizmetlerim.com/logout]
[sosyalmedyahizmetlerim.com/logout]
[sosyalmedyahizmetlerim.com/logout]
[sosyalmedyahizmetlerim.com/logout]
[sosyalmedyahizmetlerim.com/logout]
[sosyalmedyahizmetlerim.com/logout]
[sosyalmedyahizmetlerim.com/logout]
[sosyalmedyahizmetlerim.com/logout]
[sosyalmedyahizmetlerim.com/logout]
[sosyalmedyahizmetlerim.com/logout]
[sosyalmedyahizmetlerim.com/logout]
[sosyalmedyahizmetlerim.com/logout]
[sosyalmedyahizmetlerim.com/logout]
[sosyalmedyahizmetlerim.com/logout]
[sosyalmedyahizmetlerim.com/logout]
[sosyalmedyahizmetlerim.com/logout]
[sosyalmedyahizmetlerim.com/logout]
[sosyalmedyahizmetlerim.com/logout]
[sosyalmedyahizmetlerim.com/logout]
[sosyalmedyahizmetlerim.com/logout]
[sosyalmedyahizmetlerim.com/logout]
[sosyalmedyahizmetlerim.com/logout]
[sosyalmedyahizmetlerim.com/logout]
[sosyalmedyahizmetlerim.com/logout]
[sosyalmedyahizmetlerim.com/logout]
[sosyalmedyahizmetlerim.com/logout]
[sosyalmedyahizmetlerim.com/logout]
[sosyalmedyahizmetlerim.com/logout]
[sosyalmedyahizmetlerim.com/logout]
[sosyalmedyahizmetlerim.com/logout]
[sosyalmedyahizmetlerim.com/logout]
[sosyalmedyahizmetlerim.com/logout]
[sosyalmedyahizmetlerim.com/logout]
[sosyalmedyahizmetlerim.com/logout]
[sosyalmedyahizmetlerim.com/logout]
[sosyalmedyahizmetlerim.com/logout]
[sosyalmedyahizmetlerim.com/logout]
[sosyalmedyahizmetlerim.com/logout]
[sosyalmedyahizmetlerim.com/logout]
[sosyalmedyahizmetlerim.com/logout]
[sosyalmedyahizmetlerim.com/logout]
[sosyalmedyahizmetlerim.com/logout]
[sosyalmedyahizmetlerim.com/logout]
[sosyalmedyahizmetlerim.com/logout]
[sosyalmedyahizmetlerim.com/logout]
[sosyalmedyahizmetlerim.com/logout]
[sosyalmedyahizmetlerim.com/logout]
[sosyalmedyahizmetlerim.com/logout]
[sosyalmedyahizmetlerim.com/logout]
[sosyalmedyahizmetlerim.com/logout]
[sosyalmedyahizmetlerim.com/logout]
[sosyalmedyahizmetlerim.com/logout]
[sosyalmedyahizmetlerim.com/logout]
[sosyalmedyahizmetlerim.com/logout]
[sosyalmedyahizmetlerim.com/logout]
[sosyalmedyahizmetlerim.com/logout]
[sosyalmedyahizmetlerim.com/logout]
[sosyalmedyahizmetlerim.com/logout]
[sosyalmedyahizmetlerim.com/logout]
[sosyalmedyahizmetlerim.com/logout]
[sosyalmedyahizmetlerim.com/logout]
[sosyalmedyahizmetlerim.com/logout]
[sosyalmedyahizmetlerim.com/logout]
[sosyalmedyahizmetlerim.com/logout]
[sosyalmedyahizmetlerim.com/logout]
[sosyalmedyahizmetlerim.com/logout]
[sosyalmedyahizmetlerim.com/logout]
[sosyalmedyahizmetlerim.com/logout]
[sosyalmedyahizmetlerim.com/logout]
[sosyalmedyahizmetlerim.com/logout]
[sosyalmedyahizmetlerim.com/logout]
[sosyalmedyahizmetlerim.com/logout]
[sosyalmedyahizmetlerim.com/logout]
[sosyalmedyahizmetlerim.com/logout]
[sosyalmedyahizmetlerim.com/logout]
[sosyalmedyahizmetlerim.com/logout]
[sosyalmedyahizmetlerim.com/logout]
[sosyalmedyahizmetlerim.com/logout]
[sosyalmedyahizmetlerim.com/logout]
[sosyalmedyahizmetlerim.com/logout]
[sosyalmedyahizmetlerim.com/logout]
[sosyalmedyahizmetlerim.com/logout]
[sosyalmedyahizmetlerim.com/logout]
[sosyalmedyahizmetlerim.com/logout]
[sosyalmedyahizmetlerim.com/logout]
[sosyalmedyahizmetlerim.com/logout]
[sosyalmedyahizmetlerim.com/logout]
[sosyalmedyahizmetlerim.com/logout]
[sosyalmedyahizmetlerim.com/logout]
[sosyalmedyahizmetlerim.com/logout]
[sosyalmedyahizmetlerim.com/logout]
[sosyalmedyahizmetlerim.com/logout]
[sosyalmedyahizmetlerim.com/logout]
[sosyalmedyahizmetlerim.com/logout]
[sosyalmedyahizmetlerim.com/logout]
[sosyalmedyahizmetlerim.com/logout]
[sosyalmedyahizmetlerim.com/logout]
[sosyalmedyahizmetlerim.com/logout]
[sosyalmedyahizmetlerim.com/logout]
[sosyalmedyahizmetlerim.com/logout]
[sosyalmedyahizmetlerim.com/logout]
[sosyalmedyahizmetlerim.com/logout]
[sosyalmedyahizmetlerim.com/logout]
[sosyalmedyahizmetlerim.com/logout]
[sosyalmedyahizmetlerim.com/logout]
[sosyalmedyahizmetlerim.com/logout]
[sosyalmedyahizmetlerim.com/logout]
[sosyalmedyahizmetlerim.com/logout]
[sosyalmedyahizmetlerim.com/logout]
[sosyalmedyahizmetlerim.com/logout]
[sosyalmedyahizmetlerim.com/logout]
[sosyalmedyahizmetlerim.com/logout]
[sosyalmedyahizmetlerim.com/logout]
[sosyalmedyahizmetlerim.com/logout]
[sosyalmedyahizmetlerim.com/logout]
[sosyalmedyahizmetlerim.com/logout]
[sosyalmedyahizmetlerim.com/logout]
[sosyalmedyahizmetlerim.com/logout]
[sosyalmedyahizmetlerim.com/logout]
[sosyalmedyahizmetlerim.com/logout]
[sosyalmedyahizmetlerim.com/logout]
[sosyalmedyahizmetlerim.com/logout]
[sosyalmedyahizmetlerim.com/logout]
[sosyalmedyahizmetlerim.com/logout]
[sosyalmedyahizmetlerim.com/logout]
[sosyalmedyahizmetlerim.com/logout]
[sosyalmedyahizmetlerim.com/logout]
[sosyalmedyahizmetlerim.com/logout]
[sosyalmedyahizmetlerim.com/logout]
[sosyalmedyahizmetlerim.com/logout]
[sosyalmedyahizmetlerim.com/logout]
[sosyalmedyahizmetlerim.com/logout]
[sosyalmedyahizmetlerim.com/logout]
[sosyalmedyahizmetlerim.com/logout]
[sosyalmedyahizmetlerim.com/logout]
[sosyalmedyahizmetlerim.com/logout]
[sosyalmedyahizmetlerim.com/logout]
[sosyalmedyahizmetlerim.com/logout]
[sosyalmedyahizmetlerim.com/logout]
[sosyalmedyahizmetlerim.com/logout]
[sosyalmedyahizmetlerim.com/logout]
[sosyalmedyahizmetlerim.com/logout]
[sosyalmedyahizmetlerim.com/logout]
[sosyalmedyahizmetlerim.com/logout]
[sosyalmedyahizmetlerim.com/logout]
[sosyalmedyahizmetlerim.com/logout]
[sosyalmedyahizmetlerim.com/logout]
[sosyalmedyahizmetlerim.com/logout]
[sosyalmedyahizmetlerim.com/logout]
[sosyalmedyahizmetlerim.com/logout]
[sosyalmedyahizmetlerim.com/logout]
[sosyalmedyahizmetlerim.com/logout]
[sosyalmedyahizmetlerim.com/logout]
[sosyalmedyahizmetlerim.com/logout]
[sosyalmedyahizmetlerim.com/logout]
[sosyalmedyahizmetlerim.com/logout]
[sosyalmedyahizmetlerim.com/logout]
[sosyalmedyahizmetlerim.com/logout]
[sosyalmedyahizmetlerim.com/logout]
[sosyalmedyahizmetlerim.com/logout]
[sosyalmedyahizmetlerim.com/logout]
[sosyalmedyahizmetlerim.com/logout]
[sosyalmedyahizmetlerim.com/logout]
[sosyalmedyahizmetlerim.com/logout]
[sosyalmedyahizmetlerim.com/logout]
[sosyalmedyahizmetlerim.com/logout]
[sosyalmedyahizmetlerim.com/logout]
[sosyalmedyahizmetlerim.com/logout]
[sosyalmedyahizmetlerim.com/logout]
[sosyalmedyahizmetlerim.com/logout]
[sosyalmedyahizmetlerim.com/logout]
[sosyalmedyahizmetlerim.com/logout]
[sosyalmedyahizmetlerim.com/logout]
[sosyalmedyahizmetlerim.com/logout]
[sosyalmedyahizmetlerim.com/logout]
[sosyalmedyahizmetlerim.com/logout]
[sosyalmedyahizmetlerim.com/logout]
[sosyalmedyahizmetlerim.com/logout]
[sosyalmedyahizmetlerim.com/logout]
[sosyalmedyahizmetlerim.com/logout]
[sosyalmedyahizmetlerim.com/logout]
[sosyalmedyahizmetlerim.com/logout]
[sosyalmedyahizmetlerim.com/logout]
[sosyalmedyahizmetlerim.com/logout]
[sosyalmedyahizmetlerim.com/logout]
[sosyalmedyahizmetlerim.com/logout]
[sosyalmedyahizmetlerim.com/logout]
[sosyalmedyahizmetlerim.com/logout]
[sosyalmedyahizmetlerim.com/logout]
[sosyalmedyahizmetlerim.com/logout]
[sosyalmedyahizmetlerim.com/logout]
[sosyalmedyahizmetlerim.com/logout]
[sosyalmedyahizmetlerim.com/logout]
[sosyalmedyahizmetlerim.com/logout]
[sosyalmedyahizmetlerim.com/logout]
[sosyalmedyahizmetlerim.com/logout]
[sosyalmedyahizmetlerim.com/logout]
[sosyalmedyahizmetlerim.com/logout]
[sosyalmedyahizmetlerim.com/logout]
[sosyalmedyahizmetlerim.com/logout]
[sosyalmedyahizmetlerim.com/logout]
[sosyalmedyahizmetlerim.com/logout]
[sosyalmedyahizmetlerim.com/logout]
[sosyalmedyahizmetlerim.com/logout]
[sosyalmedyahizmetlerim.com/logout]
[sosyalmedyahizmetlerim.com/logout]
[sosyalmedyahizmetlerim.com/logout]
[sosyalmedyahizmetlerim.com/logout]
[sosyalmedyahizmetlerim.com/logout]
[sosyalmedyahizmetlerim.com/logout]
[sosyalmedyahizmetlerim.com/logout]
[sosyalmedyahizmetlerim.com/logout]
[sosyalmedyahizmetlerim.com/logout]
[sosyalmedyahizmetlerim.com/logout]
[sosyalmedyahizmetlerim.com/logout]
[sosyalmedyahizmetlerim.com/logout]
[sosyalmedyahizmetlerim.com/logout]
[sosyalmedyahizmetlerim.com/logout]
[sosyalmedyahizmetlerim.com/logout]
[sosyalmedyahizmetlerim.com/logout]
[sosyalmedyahizmetlerim.com/logout]
[sosyalmedyahizmetlerim.com/logout]
[sosyalmedyahizmetlerim.com/logout]
[sosyalmedyahizmetlerim.com/logout]
[sosyalmedyahizmetlerim.com/logout]
[sosyalmedyahizmetlerim.com/logout]
[sosyalmedyahizmetlerim.com/logout]
[sosyalmedyahizmetlerim.com/logout]
[sosyalmedyahizmetlerim.com/logout]
[sosyalmedyahizmetlerim.com/logout]
[sosyalmedyahizmetlerim.com/logout]
[sosyalmedyahizmetlerim.com/logout]
[sosyalmedyahizmetlerim.com/logout]
[sosyalmedyahizmetlerim.com/logout]
[sosyalmedyahizmetlerim.com/logout]
[sosyalmedyahizmetlerim.com/logout]
[sosyalmedyahizmetlerim.com/logout]
[sosyalmedyahizmetlerim.com/logout]
[sosyalmedyahizmetlerim.com/logout]
[sosyalmedyahizmetlerim.com/logout]
[sosyalmedyahizmetlerim.com/logout]
[sosyalmedyahizmetlerim.com/logout]
[sosyalmedyahizmetlerim.com/logout]
[sosyalmedyahizmetlerim.com/logout]
[sosyalmedyahizmetlerim.com/logout]
[sosyalmedyahizmetlerim.com/logout]
[sosyalmedyahizmetlerim.com/logout]
[sosyalmedyahizmetlerim.com/logout]
[sosyalmedyahizmetlerim.com/logout]
[sosyalmedyahizmetlerim.com/logout]
[sosyalmedyahizmetlerim.com/logout]
[sosyalmedyahizmetlerim.com/logout]
[sosyalmedyahizmetlerim.com/logout]
[sosyalmedyahizmetlerim.com/logout]
[sosyalmedyahizmetlerim.com/logout]
[sosyalmedyahizmetlerim.com/logout]
[sosyalmedyahizmetlerim.com/logout]
[sosyalmedyahizmetlerim.com/logout]
[sosyalmedyahizmetlerim.com/logout]
[sosyalmedyahizmetlerim.com/logout]
[sosyalmedyahizmetlerim.com/logout]
[sosyalmedyahizmetlerim.com/logout]
[sosyalmedyahizmetlerim.com/logout]
[sosyalmedyahizmetlerim.com/logout]
[sosyalmedyahizmetlerim.com/logout]
[sosyalmedyahizmetlerim.com/logout]
[sosyalmedyahizmetlerim.com/logout]
[sosyalmedyahizmetlerim.com/logout]
[sosyalmedyahizmetlerim.com/logout]
[sosyalmedyahizmetlerim.com/logout]
[sosyalmedyahizmetlerim.com/logout]
[sosyalmedyahizmetlerim.com/logout]
[sosyalmedyahizmetlerim.com/logout]
[sosyalmedyahizmetlerim.com/logout]
[sosyalmedyahizmetlerim.com/logout]
[sosyalmedyahizmetlerim.com/logout]
[sosyalmedyahizmetlerim.com/logout]
[sosyalmedyahizmetlerim.com/logout]
[sosyalmedyahizmetlerim.com/logout]
[sosyalmedyahizmetlerim.com/logout]
[sosyalmedyahizmetlerim.com/logout]
[sosyalmedyahizmetlerim.com/logout]
[sosyalmedyahizmetlerim.com/logout]
[sosyalmedyahizmetlerim.com/logout]
[sosyalmedyahizmetlerim.com/logout]
[sosyalmedyahizmetlerim.com/logout]
[sosyalmedyahizmetlerim.com/logout]
[sosyalmedyahizmetlerim.com/logout]
[sosyalmedyahizmetlerim.com/logout]
[sosyalmedyahizmetlerim.com/logout]
[sosyalmedyahizmetlerim.com/logout]
[sosyalmedyahizmetlerim.com/logout]
[sosyalmedyahizmetlerim.com/logout]
[sosyalmedyahizmetlerim.com/logout]
[sosyalmedyahizmetlerim.com/logout]
[sosyalmedyahizmetlerim.com/logout]
[sosyalmedyahizmetlerim.com/logout]
[sosyalmedyahizmetlerim.com/logout]
[sosyalmedyahizmetlerim.com/logout]
[sosyalmedyahizmetlerim.com/logout]
[sosyalmedyahizmetlerim.com/logout]
[sosyalmedyahizmetlerim.com/logout]
[sosyalmedyahizmetlerim.com/logout]
[sosyalmedyahizmetlerim.com/logout]
[sosyalmedyahizmetlerim.com/logout]
[sosyalmedyahizmetlerim.com/logout]
[sosyalmedyahizmetlerim.com/logout]
[sosyalmedyahizmetlerim.com/logout]
[sosyalmedyahizmetlerim.com/logout]
[sosyalmedyahizmetlerim.com/logout]
[sosyalmedyahizmetlerim.com/logout]
[sosyalmedyahizmetlerim.com/logout]
[sosyalmedyahizmetlerim.com/logout]
[sosyalmedyahizmetlerim.com/logout]
[sosyalmedyahizmetlerim.com/logout]
[sosyalmedyahizmetlerim.com/logout]
[sosyalmedyahizmetlerim.com/logout]
[sosyalmedyahizmetlerim.com/logout]
[sosyalmedyahizmetlerim.com/logout]
[sosyalmedyahizmetlerim.com/logout]
[sosyalmedyahizmetlerim.com/logout]
[sosyalmedyahizmetlerim.com/logout]
[sosyalmedyahizmetlerim.com/logout]
[sosyalmedyahizmetlerim.com/logout]
[sosyalmedyahizmetlerim.com/logout]
[sosyalmedyahizmetlerim.com/logout]
[sosyalmedyahizmetlerim.com/logout]
[sosyalmedyahizmetlerim.com/logout]
[sosyalmedyahizmetlerim.com/logout]
[sosyalmedyahizmetlerim.com/logout]
[sosyalmedyahizmetlerim.com/logout]
[sosyalmedyahizmetlerim.com/logout]
[sosyalmedyahizmetlerim.com/logout]
[sosyalmedyahizmetlerim.com/logout]
[sosyalmedyahizmetlerim.com/logout]
[sosyalmedyahizmetlerim.com/logout]
[sosyalmedyahizmetlerim.com/logout]
[sosyalmedyahizmetlerim.com/logout]
[sosyalmedyahizmetlerim.com/logout]
[sosyalmedyahizmetlerim.com/logout]
[sosyalmedyahizmetlerim.com/logout]
[sosyalmedyahizmetlerim.com/logout]
[sosyalmedyahizmetlerim.com/logout]
[sosyalmedyahizmetlerim.com/logout]
[sosyalmedyahizmetlerim.com/logout]
[sosyalmedyahizmetlerim.com/logout]
[sosyalmedyahizmetlerim.com/logout]
[sosyalmedyahizmetlerim.com/logout]
[sosyalmedyahizmetlerim.com/logout]
[sosyalmedyahizmetlerim.com/logout]
[sosyalmedyahizmetlerim.com/logout]
[sosyalmedyahizmetlerim.com/logout]
[sosyalmedyahizmetlerim.com/logout]
[sosyalmedyahizmetlerim.com/logout]
[sosyalmedyahizmetlerim.com/logout]
[sosyalmedyahizmetlerim.com/logout]
[sosyalmedyahizmetlerim.com/logout]
[sosyalmedyahizmetlerim.com/logout]
[sosyalmedyahizmetlerim.com/logout]
[sosyalmedyahizmetlerim.com/logout]
[sosyalmedyahizmetlerim.com/logout]
[sosyalmedyahizmetlerim.com/logout]
[sosyalmedyahizmetlerim.com/logout]
[sosyalmedyahizmetlerim.com/logout]
[sosyalmedyahizmetlerim.com/logout]
[sosyalmedyahizmetlerim.com/logout]
[sosyalmedyahizmetlerim.com/logout]
[sosyalmedyahizmetlerim.com/logout]
[sosyalmedyahizmetlerim.com/logout]
[sosyalmedyahizmetlerim.com/logout]
[sosyalmedyahizmetlerim.com/logout]
[sosyalmedyahizmetlerim.com/logout]
[sosyalmedyahizmetlerim.com/logout]
[sosyalmedyahizmetlerim.com/logout]
[sosyalmedyahizmetlerim.com/logout]
[sosyalmedyahizmetlerim.com/logout]
[sosyalmedyahizmetlerim.com/logout]
[sosyalmedyahizmetlerim.com/logout]
[sosyalmedyahizmetlerim.com/logout]
[sosyalmedyahizmetlerim.com/logout]
[sosyalmedyahizmetlerim.com/logout]
[sosyalmedyahizmetlerim.com/logout]
[sosyalmedyahizmetlerim.com/logout]
[sosyalmedyahizmetlerim.com/logout]
[sosyalmedyahizmetlerim.com/logout]
[sosyalmedyahizmetlerim.com/logout]
[sosyalmedyahizmetlerim.com/logout]
[sosyalmedyahizmetlerim.com/logout]
[sosyalmedyahizmetlerim.com/logout]
[sosyalmedyahizmetlerim.com/logout]
[sosyalmedyahizmetlerim.com/logout]
[sosyalmedyahizmetlerim.com/logout]
[sosyalmedyahizmetlerim.com/logout]
[sosyalmedyahizmetlerim.com/logout]
[sosyalmedyahizmetlerim.com/logout]
[sosyalmedyahizmetlerim.com/logout]
[sosyalmedyahizmetlerim.com/logout]
[sosyalmedyahizmetlerim.com/logout]
[sosyalmedyahizmetlerim.com/logout]
[sosyalmedyahizmetlerim.com/logout]
[sosyalmedyahizmetlerim.com/logout]
[sosyalmedyahizmetlerim.com/logout]
[sosyalmedyahizmetlerim.com/logout]
[sosyalmedyahizmetlerim.com/logout]
[sosyalmedyahizmetlerim.com/logout]
[sosyalmedyahizmetlerim.com/logout]
[sosyalmedyahizmetlerim.com/logout]
[sosyalmedyahizmetlerim.com/logout]
[sosyalmedyahizmetlerim.com/logout]
[sosyalmedyahizmetlerim.com/logout]
[sosyalmedyahizmetlerim.com/logout]
[sosyalmedyahizmetlerim.com/logout]
[sosyalmedyahizmetlerim.com/logout]
[sosyalmedyahizmetlerim.com/logout]
[sosyalmedyahizmetlerim.com/logout]
[sosyalmedyahizmetlerim.com/logout]
[sosyalmedyahizmetlerim.com/logout]
[sosyalmedyahizmetlerim.com/logout]
[sosyalmedyahizmetlerim.com/logout]
[sosyalmedyahizmetlerim.com/logout]
[sosyalmedyahizmetlerim.com/logout]
[sosyalmedyahizmetlerim.com/logout]
[sosyalmedyahizmetlerim.com/logout]
[sosyalmedyahizmetlerim.com/logout]
[sosyalmedyahizmetlerim.com/logout]
[sosyalmedyahizmetlerim.com/logout]
[sosyalmedyahizmetlerim.com/logout]
[sosyalmedyahizmetlerim.com/logout]
[sosyalmedyahizmetlerim.com/logout]
[sosyalmedyahizmetlerim.com/logout]
[sosyalmedyahizmetlerim.com/logout]
[sosyalmedyahizmetlerim.com/logout]
[sosyalmedyahizmetlerim.com/logout]
[sosyalmedyahizmetlerim.com/logout]
[sosyalmedyahizmetlerim.com/logout]
[sosyalmedyahizmetlerim.com/logout]
[sosyalmedyahizmetlerim.com/logout]
[sosyalmedyahizmetlerim.com/logout]
[sosyalmedyahizmetlerim.com/logout]
[sosyalmedyahizmetlerim.com/logout]
[sosyalmedyahizmetlerim.com/logout]
[sosyalmedyahizmetlerim.com/logout]
[sosyalmedyahizmetlerim.com/logout]
[sosyalmedyahizmetlerim.com/logout]
[sosyalmedyahizmetlerim.com/logout]
[sosyalmedyahizmetlerim.com/logout]
[sosyalmedyahizmetlerim.com/logout]
[sosyalmedyahizmetlerim.com/logout]
[sosyalmedyahizmetlerim.com/logout]
[sosyalmedyahizmetlerim.com/logout]
[sosyalmedyahizmetlerim.com/logout]
[sosyalmedyahizmetlerim.com/logout]
[sosyalmedyahizmetlerim.com/logout]
[sosyalmedyahizmetlerim.com/logout]
[sosyalmedyahizmetlerim.com/logout]
[sosyalmedyahizmetlerim.com/logout]
[sosyalmedyahizmetlerim.com/logout]
[sosyalmedyahizmetlerim.com/logout]
[sosyalmedyahizmetlerim.com/logout]
[sosyalmedyahizmetlerim.com/logout]
[sosyalmedyahizmetlerim.com/logout]
[sosyalmedyahizmetlerim.com/logout]
[sosyalmedyahizmetlerim.com/logout]
[sosyalmedyahizmetlerim.com/logout]
[sosyalmedyahizmetlerim.com/logout]
[sosyalmedyahizmetlerim.com/logout]
[sosyalmedyahizmetlerim.com/logout]
[sosyalmedyahizmetlerim.com/logout]
[sosyalmedyahizmetlerim.com/logout]
[sosyalmedyahizmetlerim.com/logout]
[sosyalmedyahizmetlerim.com/logout]
[sosyalmedyahizmetlerim.com/logout]
[sosyalmedyahizmetlerim.com/logout]
[sosyalmedyahizmetlerim.com/logout]
[sosyalmedyahizmetlerim.com/logout]
[sosyalmedyahizmetlerim.com/logout]
[sosyalmedyahizmetlerim.com/logout]
[sosyalmedyahizmetlerim.com/logout]
[sosyalmedyahizmetlerim.com/logout]
[sosyalmedyahizmetlerim.com/logout]
[sosyalmedyahizmetlerim.com/logout]
[sosyalmedyahizmetlerim.com/logout]
[sosyalmedyahizmetlerim.com/logout]
[sosyalmedyahizmetlerim.com/logout]
[sosyalmedyahizmetlerim.com/logout]
[sosyalmedyahizmetlerim.com/logout]
[sosyalmedyahizmetlerim.com/logout]
[sosyalmedyahizmetlerim.com/logout]
[sosyalmedyahizmetlerim.com/logout]
[sosyalmedyahizmetlerim.com/logout]
[sosyalmedyahizmetlerim.com/logout]
[sosyalmedyahizmetlerim.com/logout]
[sosyalmedyahizmetlerim.com/logout]
[sosyalmedyahizmetlerim.com/logout]
[sosyalmedyahizmetlerim.com/logout]
[sosyalmedyahizmetlerim.com/logout]
[sosyalmedyahizmetlerim.com/logout]
[sosyalmedyahizmetlerim.com/logout]
[sosyalmedyahizmetlerim.com/logout]
[sosyalmedyahizmetlerim.com/logout]
[sosyalmedyahizmetlerim.com/logout]
[sosyalmedyahizmetlerim.com/logout]
[sosyalmedyahizmetlerim.com/logout]
[sosyalmedyahizmetlerim.com/logout]
[sosyalmedyahizmetlerim.com/logout]
[sosyalmedyahizmetlerim.com/logout]
[sosyalmedyahizmetlerim.com/logout]
[sosyalmedyahizmetlerim.com/logout]
[sosyalmedyahizmetlerim.com/logout]
[sosyalmedyahizmetlerim.com/logout]
[sosyalmedyahizmetlerim.com/logout]
[sosyalmedyahizmetlerim.com/logout]
[sosyalmedyahizmetlerim.com/logout]
[sosyalmedyahizmetlerim.com/logout]
[sosyalmedyahizmetlerim.com/logout]
[sosyalmedyahizmetlerim.com/logout]
[sosyalmedyahizmetlerim.com/logout]
[sosyalmedyahizmetlerim.com/logout]
[sosyalmedyahizmetlerim.com/logout]
[sosyalmedyahizmetlerim.com/logout]
[sosyalmedyahizmetlerim.com/logout]
[sosyalmedyahizmetlerim.com/logout]
[sosyalmedyahizmetlerim.com/logout]
[sosyalmedyahizmetlerim.com/logout]
[sosyalmedyahizmetlerim.com/logout]
[sosyalmedyahizmetlerim.com/logout]
[sosyalmedyahizmetlerim.com/logout]
[sosyalmedyahizmetlerim.com/logout]
[sosyalmedyahizmetlerim.com/logout]
[sosyalmedyahizmetlerim.com/logout]
[sosyalmedyahizmetlerim.com/logout]
[sosyalmedyahizmetlerim.com/logout]
[sosyalmedyahizmetlerim.com/logout]
[sosyalmedyahizmetlerim.com/logout]
[sosyalmedyahizmetlerim.com/logout]
[sosyalmedyahizmetlerim.com/logout]
[sosyalmedyahizmetlerim.com/logout]
[sosyalmedyahizmetlerim.com/logout]
[sosyalmedyahizmetlerim.com/logout]
[sosyalmedyahizmetlerim.com/logout]
[sosyalmedyahizmetlerim.com/logout]
[sosyalmedyahizmetlerim.com/logout]
[sosyalmedyahizmetlerim.com/logout]
[sosyalmedyahizmetlerim.com/logout]
[sosyalmedyahizmetlerim.com/logout]
[sosyalmedyahizmetlerim.com/logout]
[sosyalmedyahizmetlerim.com/logout]
[sosyalmedyahizmetlerim.com/logout]
[sosyalmedyahizmetlerim.com/logout]
[sosyalmedyahizmetlerim.com/logout]
[sosyalmedyahizmetlerim.com/logout]
[sosyalmedyahizmetlerim.com/logout]
[sosyalmedyahizmetlerim.com/logout]
[sosyalmedyahizmetlerim.com/logout]
[sosyalmedyahizmetlerim.com/logout]
[sosyalmedyahizmetlerim.com/logout]
[sosyalmedyahizmetlerim.com/logout]
[sosyalmedyahizmetlerim.com/logout]
[sosyalmedyahizmetlerim.com/logout]
[sosyalmedyahizmetlerim.com/logout]
[sosyalmedyahizmetlerim.com/logout]
[sosyalmedyahizmetlerim.com/logout]
[sosyalmedyahizmetlerim.com/logout]
[sosyalmedyahizmetlerim.com/logout]
[sosyalmedyahizmetlerim.com/logout]
[sosyalmedyahizmetlerim.com/logout]
[sosyalmedyahizmetlerim.com/logout]
[sosyalmedyahizmetlerim.com/logout]
[sosyalmedyahizmetlerim.com/logout]
[sosyalmedyahizmetlerim.com/logout]
[sosyalmedyahizmetlerim.com/logout]
[sosyalmedyahizmetlerim.com/logout]
[sosyalmedyahizmetlerim.com/logout]
[sosyalmedyahizmetlerim.com/logout]
[sosyalmedyahizmetlerim.com/logout]
[sosyalmedyahizmetlerim.com/logout]
[sosyalmedyahizmetlerim.com/logout]
[sosyalmedyahizmetlerim.com/logout]
[sosyalmedyahizmetlerim.com/logout]
[sosyalmedyahizmetlerim.com/logout]
[sosyalmedyahizmetlerim.com/logout]
[sosyalmedyahizmetlerim.com/logout]
[sosyalmedyahizmetlerim.com/logout]
[sosyalmedyahizmetlerim.com/logout]
[sosyalmedyahizmetlerim.com/logout]
[sosyalmedyahizmetlerim.com/logout]
[sosyalmedyahizmetlerim.com/logout]
[sosyalmedyahizmetlerim.com/logout]
[sosyalmedyahizmetlerim.com/logout]
[sosyalmedyahizmetlerim.com/logout]
[sosyalmedyahizmetlerim.com/logout]
[sosyalmedyahizmetlerim.com/logout]
[sosyalmedyahizmetlerim.com/logout]
[sosyalmedyahizmetlerim.com/logout]
[sosyalmedyahizmetlerim.com/logout]
[sosyalmedyahizmetlerim.com/logout]
[sosyalmedyahizmetlerim.com/logout]
[sosyalmedyahizmetlerim.com/logout]
[sosyalmedyahizmetlerim.com/logout]
[sosyalmedyahizmetlerim.com/logout]
[sosyalmedyahizmetlerim.com/logout]
[sosyalmedyahizmetlerim.com/logout]
[sosyalmedyahizmetlerim.com/logout]
[sosyalmedyahizmetlerim.com/logout]
[sosyalmedyahizmetlerim.com/logout]
[sosyalmedyahizmetlerim.com/logout]
[sosyalmedyahizmetlerim.com/logout]
[sosyalmedyahizmetlerim.com/logout]
[sosyalmedyahizmetlerim.com/logout]
[sosyalmedyahizmetlerim.com/logout]
[sosyalmedyahizmetlerim.com/logout]
[sosyalmedyahizmetlerim.com/logout]
[sosyalmedyahizmetlerim.com/logout]
[sosyalmedyahizmetlerim.com/logout]
[sosyalmedyahizmetlerim.com/logout]
[sosyalmedyahizmetlerim.com/logout]
[sosyalmedyahizmetlerim.com/logout]
[sosyalmedyahizmetlerim.com/logout]
[sosyalmedyahizmetlerim.com/logout]
[sosyalmedyahizmetlerim.com/logout]
[sosyalmedyahizmetlerim.com/logout]
[sosyalmedyahizmetlerim.com/logout]
[sosyalmedyahizmetlerim.com/logout]
[sosyalmedyahizmetlerim.com/logout]
[sosyalmedyahizmetlerim.com/logout]
[sosyalmedyahizmetlerim.com/logout]
[sosyalmedyahizmetlerim.com/logout]
[sosyalmedyahizmetlerim.com/logout]
[sosyalmedyahizmetlerim.com/logout]
[sosyalmedyahizmetlerim.com/logout]
[sosyalmedyahizmetlerim.com/logout]
[sosyalmedyahizmetlerim.com/logout]
[sosyalmedyahizmetlerim.com/logout]
[sosyalmedyahizmetlerim.com/logout]
[sosyalmedyahizmetlerim.com/logout]
[sosyalmedyahizmetlerim.com/logout]
[sosyalmedyahizmetlerim.com/logout]
[sosyalmedyahizmetlerim.com/logout]
[sosyalmedyahizmetlerim.com/logout]
[sosyalmedyahizmetlerim.com/logout]
[sosyalmedyahizmetlerim.com/logout]
[sosyalmedyahizmetlerim.com/logout]
[sosyalmedyahizmetlerim.com/logout]
[sosyalmedyahizmetlerim.com/logout]
[sosyalmedyahizmetlerim.com/logout]
[sosyalmedyahizmetlerim.com/logout]
[sosyalmedyahizmetlerim.com/logout]
[sosyalmedyahizmetlerim.com/logout]
[sosyalmedyahizmetlerim.com/logout]
[sosyalmedyahizmetlerim.com/logout]
[sosyalmedyahizmetlerim.com/logout]
[sosyalmedyahizmetlerim.com/logout]
[sosyalmedyahizmetlerim.com/logout]
[sosyalmedyahizmetlerim.com/logout]
[sosyalmedyahizmetlerim.com/logout]
[sosyalmedyahizmetlerim.com/logout]
[sosyalmedyahizmetlerim.com/logout]
[sosyalmedyahizmetlerim.com/logout]
[sosyalmedyahizmetlerim.com/logout]
[sosyalmedyahizmetlerim.com/logout]
[sosyalmedyahizmetlerim.com/logout]
[sosyalmedyahizmetlerim.com/logout]
[sosyalmedyahizmetlerim.com/logout]
[sosyalmedyahizmetlerim.com/logout]
[sosyalmedyahizmetlerim.com/logout]
[sosyalmedyahizmetlerim.com/logout]
[sosyalmedyahizmetlerim.com/logout]
[sosyalmedyahizmetlerim.com/logout]
[sosyalmedyahizmetlerim.com/logout]
[sosyalmedyahizmetlerim.com/logout]
[sosyalmedyahizmetlerim.com/logout]
[sosyalmedyahizmetlerim.com/logout]
[sosyalmedyahizmetlerim.com/logout]
[sosyalmedyahizmetlerim.com/logout]
[sosyalmedyahizmetlerim.com/logout]
[sosyalmedyahizmetlerim.com/logout]
[sosyalmedyahizmetlerim.com/logout]
[sosyalmedyahizmetlerim.com/logout]
[sosyalmedyahizmetlerim.com/logout]
[sosyalmedyahizmetlerim.com/logout]
[sosyalmedyahizmetlerim.com/logout]
[sosyalmedyahizmetlerim.com/logout]
[sosyalmedyahizmetlerim.com/logout]
[sosyalmedyahizmetlerim.com/logout]
[sosyalmedyahizmetlerim.com/logout]
[sosyalmedyahizmetlerim.com/logout]
[sosyalmedyahizmetlerim.com/logout]
[sosyalmedyahizmetlerim.com/logout]
[sosyalmedyahizmetlerim.com/logout]
[sosyalmedyahizmetlerim.com/logout]
[sosyalmedyahizmetlerim.com/logout]
[sosyalmedyahizmetlerim.com/logout]
[sosyalmedyahizmetlerim.com/logout]
[sosyalmedyahizmetlerim.com/logout]
[sosyalmedyahizmetlerim.com/logout]
[sosyalmedyahizmetlerim.com/logout]
[sosyalmedyahizmetlerim.com/logout]
[sosyalmedyahizmetlerim.com/logout]
[sosyalmedyahizmetlerim.com/logout]
[sosyalmedyahizmetlerim.com/logout]
[sosyalmedyahizmetlerim.com/logout]
[sosyalmedyahizmetlerim.com/logout]
[sosyalmedyahizmetlerim.com/logout]
[sosyalmedyahizmetlerim.com/logout]
[sosyalmedyahizmetlerim.com/logout]
[sosyalmedyahizmetlerim.com/logout]
[sosyalmedyahizmetlerim.com/logout]
[sosyalmedyahizmetlerim.com/logout]
[sosyalmedyahizmetlerim.com/logout]
[sosyalmedyahizmetlerim.com/logout]
[sosyalmedyahizmetlerim.com/logout]
[sosyalmedyahizmetlerim.com/logout]
[sosyalmedyahizmetlerim.com/logout]
[sosyalmedyahizmetlerim.com/logout]
[sosyalmedyahizmetlerim.com/logout]
[sosyalmedyahizmetlerim.com/logout]
[sosyalmedyahizmetlerim.com/logout]
[sosyalmedyahizmetlerim.com/logout]
[sosyalmedyahizmetlerim.com/logout]
[sosyalmedyahizmetlerim.com/logout]
[sosyalmedyahizmetlerim.com/logout]
[sosyalmedyahizmetlerim.com/logout]
[sosyalmedyahizmetlerim.com/logout]
[sosyalmedyahizmetlerim.com/logout]
[sosyalmedyahizmetlerim.com/logout]
[sosyalmedyahizmetlerim.com/logout]
[sosyalmedyahizmetlerim.com/logout]
[sosyalmedyahizmetlerim.com/logout]
[sosyalmedyahizmetlerim.com/logout]
[sosyalmedyahizmetlerim.com/logout]
[sosyalmedyahizmetlerim.com/logout]
[sosyalmedyahizmetlerim.com/logout]
[sosyalmedyahizmetlerim.com/logout]
[sosyalmedyahizmetlerim.com/logout]
[sosyalmedyahizmetlerim.com/logout]
[sosyalmedyahizmetlerim.com/logout]
[sosyalmedyahizmetlerim.com/logout]
[sosyalmedyahizmetlerim.com/logout]
[sosyalmedyahizmetlerim.com/logout]
[sosyalmedyahizmetlerim.com/logout]
[sosyalmedyahizmetlerim.com/logout]
[sosyalmedyahizmetlerim.com/logout]
[sosyalmedyahizmetlerim.com/logout]
[sosyalmedyahizmetlerim.com/logout]
[sosyalmedyahizmetlerim.com/logout]
[sosyalmedyahizmetlerim.com/logout]
[sosyalmedyahizmetlerim.com/logout]
[sosyalmedyahizmetlerim.com/logout]
[sosyalmedyahizmetlerim.com/logout]
[sosyalmedyahizmetlerim.com/logout]
[sosyalmedyahizmetlerim.com/logout]
[sosyalmedyahizmetlerim.com/logout]
[sosyalmedyahizmetlerim.com/logout]
[sosyalmedyahizmetlerim.com/logout]
[sosyalmedyahizmetlerim.com/logout]
[sosyalmedyahizmetlerim.com/logout]
[sosyalmedyahizmetlerim.com/logout]
[sosyalmedyahizmetlerim.com/logout]
[sosyalmedyahizmetlerim.com/logout]
[sosyalmedyahizmetlerim.com/logout]
[sosyalmedyahizmetlerim.com/logout]
[sosyalmedyahizmetlerim.com/logout]
[sosyalmedyahizmetlerim.com/logout]
[sosyalmedyahizmetlerim.com/logout]
[sosyalmedyahizmetlerim.com/logout]
[sosyalmedyahizmetlerim.com/logout]
[sosyalmedyahizmetlerim.com/logout]
[sosyalmedyahizmetlerim.com/logout]
[sosyalmedyahizmetlerim.com/logout]
[sosyalmedyahizmetlerim.com/logout]
[sosyalmedyahizmetlerim.com/logout]
[sosyalmedyahizmetlerim.com/logout]
[sosyalmedyahizmetlerim.com/logout]
[sosyalmedyahizmetlerim.com/logout]
[sosyalmedyahizmetlerim.com/logout]
[sosyalmedyahizmetlerim.com/logout]
[sosyalmedyahizmetlerim.com/logout]
[sosyalmedyahizmetlerim.com/logout]
[sosyalmedyahizmetlerim.com/logout]
[sosyalmedyahizmetlerim.com/logout]
[sosyalmedyahizmetlerim.com/logout]
[sosyalmedyahizmetlerim.com/logout]
[sosyalmedyahizmetlerim.com/logout]
[sosyalmedyahizmetlerim.com/logout]
[sosyalmedyahizmetlerim.com/logout]
[sosyalmedyahizmetlerim.com/logout]
[sosyalmedyahizmetlerim.com/logout]
[sosyalmedyahizmetlerim.com/logout]
[sosyalmedyahizmetlerim.com/logout]
[sosyalmedyahizmetlerim.com/logout]
[sosyalmedyahizmetlerim.com/logout]
[sosyalmedyahizmetlerim.com/logout]
[sosyalmedyahizmetlerim.com/logout]
[sosyalmedyahizmetlerim.com/logout]
[sosyalmedyahizmetlerim.com/logout]
[sosyalmedyahizmetlerim.com/logout]
[sosyalmedyahizmetlerim.com/logout]
[sosyalmedyahizmetlerim.com/logout]
[sosyalmedyahizmetlerim.com/logout]
[sosyalmedyahizmetlerim.com/logout]
[sosyalmedyahizmetlerim.com/logout]
[sosyalmedyahizmetlerim.com/logout]
[sosyalmedyahizmetlerim.com/logout]
[sosyalmedyahizmetlerim.com/logout]
[sosyalmedyahizmetlerim.com/logout]
[sosyalmedyahizmetlerim.com/logout]
[sosyalmedyahizmetlerim.com/logout]
[sosyalmedyahizmetlerim.com/logout]
[sosyalmedyahizmetlerim.com/logout]
[sosyalmedyahizmetlerim.com/logout]
[sosyalmedyahizmetlerim.com/logout]
[sosyalmedyahizmetlerim.com/logout]
[sosyalmedyahizmetlerim.com/logout]
[sosyalmedyahizmetlerim.com/logout]
[sosyalmedyahizmetlerim.com/logout]
[sosyalmedyahizmetlerim.com/logout]
[sosyalmedyahizmetlerim.com/logout]
[sosyalmedyahizmetlerim.com/logout]
[sosyalmedyahizmetlerim.com/logout]
[sosyalmedyahizmetlerim.com/logout]
[sosyalmedyahizmetlerim.com/logout]
[sosyalmedyahizmetlerim.com/logout]
[sosyalmedyahizmetlerim.com/logout]
[sosyalmedyahizmetlerim.com/logout]
[sosyalmedyahizmetlerim.com/logout]
[sosyalmedyahizmetlerim.com/logout]
[sosyalmedyahizmetlerim.com/logout]
[sosyalmedyahizmetlerim.com/logout]
[sosyalmedyahizmetlerim.com/logout]
[sosyalmedyahizmetlerim.com/logout]
[sosyalmedyahizmetlerim.com/logout]
[sosyalmedyahizmetlerim.com/logout]
[sosyalmedyahizmetlerim.com/logout]
[sosyalmedyahizmetlerim.com/logout]
[sosyalmedyahizmetlerim.com/logout]
[sosyalmedyahizmetlerim.com/logout]
[sosyalmedyahizmetlerim.com/logout]
[sosyalmedyahizmetlerim.com/logout]
[sosyalmedyahizmetlerim.com/logout]
[sosyalmedyahizmetlerim.com/logout]
[sosyalmedyahizmetlerim.com/logout]
[sosyalmedyahizmetlerim.com/logout]
[sosyalmedyahizmetlerim.com/logout]
[sosyalmedyahizmetlerim.com/logout]
[sosyalmedyahizmetlerim.com/logout]
[sosyalmedyahizmetlerim.com/logout]
[sosyalmedyahizmetlerim.com/logout]
[sosyalmedyahizmetlerim.com/logout]
[sosyalmedyahizmetlerim.com/logout]
[sosyalmedyahizmetlerim.com/logout]
[sosyalmedyahizmetlerim.com/logout]
[sosyalmedyahizmetlerim.com/logout]
[sosyalmedyahizmetlerim.com/logout]
[sosyalmedyahizmetlerim.com/logout]
[sosyalmedyahizmetlerim.com/logout]
[sosyalmedyahizmetlerim.com/logout]
[sosyalmedyahizmetlerim.com/logout]
[sosyalmedyahizmetlerim.com/logout]
[sosyalmedyahizmetlerim.com/logout]
[sosyalmedyahizmetlerim.com/logout]
[sosyalmedyahizmetlerim.com/logout]
[sosyalmedyahizmetlerim.com/logout]
[sosyalmedyahizmetlerim.com/logout]
[sosyalmedyahizmetlerim.com/logout]
[sosyalmedyahizmetlerim.com/logout]
[sosyalmedyahizmetlerim.com/logout]
[sosyalmedyahizmetlerim.com/logout]
[sosyalmedyahizmetlerim.com/logout]
[sosyalmedyahizmetlerim.com/logout]
[sosyalmedyahizmetlerim.com/logout]
[sosyalmedyahizmetlerim.com/logout]
[sosyalmedyahizmetlerim.com/logout]
[sosyalmedyahizmetlerim.com/logout]
[sosyalmedyahizmetlerim.com/logout]
[sosyalmedyahizmetlerim.com/logout]
[sosyalmedyahizmetlerim.com/logout]
[sosyalmedyahizmetlerim.com/logout]
[sosyalmedyahizmetlerim.com/logout]
[sosyalmedyahizmetlerim.com/logout]
[sosyalmedyahizmetlerim.com/logout]
[sosyalmedyahizmetlerim.com/logout]
[sosyalmedyahizmetlerim.com/logout]
[sosyalmedyahizmetlerim.com/logout]
[sosyalmedyahizmetlerim.com/logout]
[sosyalmedyahizmetlerim.com/logout]
[sosyalmedyahizmetlerim.com/logout]
[sosyalmedyahizmetlerim.com/logout]
[sosyalmedyahizmetlerim.com/logout]
[sosyalmedyahizmetlerim.com/logout]
[sosyalmedyahizmetlerim.com/logout]
[sosyalmedyahizmetlerim.com/logout]
[sosyalmedyahizmetlerim.com/logout]
[sosyalmedyahizmetlerim.com/logout]
[sosyalmedyahizmetlerim.com/logout]
[sosyalmedyahizmetlerim.com/logout]
[sosyalmedyahizmetlerim.com/logout]
[sosyalmedyahizmetlerim.com/logout]
[sosyalmedyahizmetlerim.com/logout]
[sosyalmedyahizmetlerim.com/logout]
[sosyalmedyahizmetlerim.com/logout]
[sosyalmedyahizmetlerim.com/logout]
[sosyalmedyahizmetlerim.com/logout]
[sosyalmedyahizmetlerim.com/logout]
[sosyalmedyahizmetlerim.com/logout]
[sosyalmedyahizmetlerim.com/logout]
[sosyalmedyahizmetlerim.com/logout]
[sosyalmedyahizmetlerim.com/logout]
[sosyalmedyahizmetlerim.com/logout]
[sosyalmedyahizmetlerim.com/logout]
[sosyalmedyahizmetlerim.com/logout]
[sosyalmedyahizmetlerim.com/logout]
[sosyalmedyahizmetlerim.com/logout]
[sosyalmedyahizmetlerim.com/logout]
[sosyalmedyahizmetlerim.com/logout]
[sosyalmedyahizmetlerim.com/logout]
[sosyalmedyahizmetlerim.com/logout]
[sosyalmedyahizmetlerim.com/logout]
[sosyalmedyahizmetlerim.com/logout]
[sosyalmedyahizmetlerim.com/logout]
[sosyalmedyahizmetlerim.com/logout]
[sosyalmedyahizmetlerim.com/logout]
[sosyalmedyahizmetlerim.com/logout]
[sosyalmedyahizmetlerim.com/logout]
[sosyalmedyahizmetlerim.com/logout]
[sosyalmedyahizmetlerim.com/logout]
[sosyalmedyahizmetlerim.com/logout]
[sosyalmedyahizmetlerim.com/logout]
[sosyalmedyahizmetlerim.com/logout]
[sosyalmedyahizmetlerim.com/logout]
[sosyalmedyahizmetlerim.com/logout]
[sosyalmedyahizmetlerim.com/logout]
[sosyalmedyahizmetlerim.com/logout]
[sosyalmedyahizmetlerim.com/logout]
[sosyalmedyahizmetlerim.com/logout]
[sosyalmedyahizmetlerim.com/logout]
[sosyalmedyahizmetlerim.com/logout]
[sosyalmedyahizmetlerim.com/logout]
[sosyalmedyahizmetlerim.com/logout]
[sosyalmedyahizmetlerim.com/logout]
[sosyalmedyahizmetlerim.com/logout]
[sosyalmedyahizmetlerim.com/logout]
[sosyalmedyahizmetlerim.com/logout]
[sosyalmedyahizmetlerim.com/logout]
[sosyalmedyahizmetlerim.com/logout]
[sosyalmedyahizmetlerim.com/logout]
[sosyalmedyahizmetlerim.com/logout]
[sosyalmedyahizmetlerim.com/logout]
[sosyalmedyahizmetlerim.com/logout]
[sosyalmedyahizmetlerim.com/logout]
[sosyalmedyahizmetlerim.com/logout]
[sosyalmedyahizmetlerim.com/logout]
[sosyalmedyahizmetlerim.com/logout]
[sosyalmedyahizmetlerim.com/logout]
[sosyalmedyahizmetlerim.com/logout]
[sosyalmedyahizmetlerim.com/logout]
[sosyalmedyahizmetlerim.com/logout]
[sosyalmedyahizmetlerim.com/logout]
[sosyalmedyahizmetlerim.com/logout]
[sosyalmedyahizmetlerim.com/logout]
[sosyalmedyahizmetlerim.com/logout]
[sosyalmedyahizmetlerim.com/logout]
[sosyalmedyahizmetlerim.com/logout]
[sosyalmedyahizmetlerim.com/logout]
[sosyalmedyahizmetlerim.com/logout]
[sosyalmedyahizmetlerim.com/logout]
[sosyalmedyahizmetlerim.com/logout]
[sosyalmedyahizmetlerim.com/logout]
[sosyalmedyahizmetlerim.com/logout]
[sosyalmedyahizmetlerim.com/logout]
[sosyalmedyahizmetlerim.com/logout]
[sosyalmedyahizmetlerim.com/logout]
[sosyalmedyahizmetlerim.com/logout]
[sosyalmedyahizmetlerim.com/logout]
[sosyalmedyahizmetlerim.com/logout]
[sosyalmedyahizmetlerim.com/logout]
[sosyalmedyahizmetlerim.com/logout]
[sosyalmedyahizmetlerim.com/logout]
[sosyalmedyahizmetlerim.com/logout]
[sosyalmedyahizmetlerim.com/logout]
[sosyalmedyahizmetlerim.com/logout]
[sosyalmedyahizmetlerim.com/logout]
[sosyalmedyahizmetlerim.com/logout]
[sosyalmedyahizmetlerim.com/logout]
[sosyalmedyahizmetlerim.com/logout]
[sosyalmedyahizmetlerim.com/logout]
[sosyalmedyahizmetlerim.com/logout]
[sosyalmedyahizmetlerim.com/logout]
[sosyalmedyahizmetlerim.com/logout]
[sosyalmedyahizmetlerim.com/logout]
[sosyalmedyahizmetlerim.com/logout]
[sosyalmedyahizmetlerim.com/logout]
[sosyalmedyahizmetlerim.com/logout]
[sosyalmedyahizmetlerim.com/logout]
[sosyalmedyahizmetlerim.com/logout]
[sosyalmedyahizmetlerim.com/logout]
[sosyalmedyahizmetlerim.com/logout]
[sosyalmedyahizmetlerim.com/logout]
[sosyalmedyahizmetlerim.com/logout]
[sosyalmedyahizmetlerim.com/logout]
[sosyalmedyahizmetlerim.com/logout]
[sosyalmedyahizmetlerim.com/logout]
[sosyalmedyahizmetlerim.com/logout]
[sosyalmedyahizmetlerim.com/logout]
[sosyalmedyahizmetlerim.com/logout]
[sosyalmedyahizmetlerim.com/logout]
[sosyalmedyahizmetlerim.com/logout]
[sosyalmedyahizmetlerim.com/logout]
[sosyalmedyahizmetlerim.com/logout]
[sosyalmedyahizmetlerim.com/logout]
[sosyalmedyahizmetlerim.com/logout]
[sosyalmedyahizmetlerim.com/logout]
[sosyalmedyahizmetlerim.com/logout]
[sosyalmedyahizmetlerim.com/logout]
[sosyalmedyahizmetlerim.com/logout]
[sosyalmedyahizmetlerim.com/logout]
[sosyalmedyahizmetlerim.com/logout]
[sosyalmedyahizmetlerim.com/logout]
[sosyalmedyahizmetlerim.com/logout]
[sosyalmedyahizmetlerim.com/logout]
[sosyalmedyahizmetlerim.com/logout]
[sosyalmedyahizmetlerim.com/logout]
[sosyalmedyahizmetlerim.com/logout]
[sosyalmedyahizmetlerim.com/logout]
[sosyalmedyahizmetlerim.com/logout]
[sosyalmedyahizmetlerim.com/logout]
[sosyalmedyahizmetlerim.com/logout]
[sosyalmedyahizmetlerim.com/logout]
[sosyalmedyahizmetlerim.com/logout]
[sosyalmedyahizmetlerim.com/logout]
[sosyalmedyahizmetlerim.com/logout]
[sosyalmedyahizmetlerim.com/logout]
[sosyalmedyahizmetlerim.com/logout]
[sosyalmedyahizmetlerim.com/logout]
[sosyalmedyahizmetlerim.com/logout]
[sosyalmedyahizmetlerim.com/logout]
[sosyalmedyahizmetlerim.com/logout]
[sosyalmedyahizmetlerim.com/logout]
[sosyalmedyahizmetlerim.com/logout]
[sosyalmedyahizmetlerim.com/logout]
[sosyalmedyahizmetlerim.com/logout]
[sosyalmedyahizmetlerim.com/logout]
[sosyalmedyahizmetlerim.com/logout]
[sosyalmedyahizmetlerim.com/logout]
[sosyalmedyahizmetlerim.com/logout]
[sosyalmedyahizmetlerim.com/logout]
[sosyalmedyahizmetlerim.com/logout]
[sosyalmedyahizmetlerim.com/logout]
[sosyalmedyahizmetlerim.com/logout]
[sosyalmedyahizmetlerim.com/logout]
[sosyalmedyahizmetlerim.com/logout]
[sosyalmedyahizmetlerim.com/logout]
[sosyalmedyahizmetlerim.com/logout]
[sosyalmedyahizmetlerim.com/logout]
[sosyalmedyahizmetlerim.com/logout]
[sosyalmedyahizmetlerim.com/logout]
[sosyalmedyahizmetlerim.com/logout]
[sosyalmedyahizmetlerim.com/logout]
[sosyalmedyahizmetlerim.com/logout]
[sosyalmedyahizmetlerim.com/logout]
[sosyalmedyahizmetlerim.com/logout]
[sosyalmedyahizmetlerim.com/logout]
[sosyalmedyahizmetlerim.com/logout]
[sosyalmedyahizmetlerim.com/logout]
[sosyalmedyahizmetlerim.com/logout]
[sosyalmedyahizmetlerim.com/logout]
[sosyalmedyahizmetlerim.com/logout]
[sosyalmedyahizmetlerim.com/logout]
[sosyalmedyahizmetlerim.com/logout]
[sosyalmedyahizmetlerim.com/logout]
[sosyalmedyahizmetlerim.com/logout]
[sosyalmedyahizmetlerim.com/logout]
[sosyalmedyahizmetlerim.com/logout]
[sosyalmedyahizmetlerim.com/logout]
[sosyalmedyahizmetlerim.com/logout]
[sosyalmedyahizmetlerim.com/logout]
[sosyalmedyahizmetlerim.com/logout]
[sosyalmedyahizmetlerim.com/logout]
[sosyalmedyahizmetlerim.com/logout]
[sosyalmedyahizmetlerim.com/logout]
[sosyalmedyahizmetlerim.com/logout]
[sosyalmedyahizmetlerim.com/logout]
[sosyalmedyahizmetlerim.com/logout]
[sosyalmedyahizmetlerim.com/logout]
[sosyalmedyahizmetlerim.com/logout]
[sosyalmedyahizmetlerim.com/logout]
[sosyalmedyahizmetlerim.com/logout]
[sosyalmedyahizmetlerim.com/logout]
[sosyalmedyahizmetlerim.com/logout]
[sosyalmedyahizmetlerim.com/logout]
[sosyalmedyahizmetlerim.com/logout]
[sosyalmedyahizmetlerim.com/logout]
[sosyalmedyahizmetlerim.com/logout]
[sosyalmedyahizmetlerim.com/logout]
[sosyalmedyahizmetlerim.com/logout]
[sosyalmedyahizmetlerim.com/logout]
[sosyalmedyahizmetlerim.com/logout]
[sosyalmedyahizmetlerim.com/logout.a8f.delayed]
[sosyalmedyahizmetlerim.com/services.html]
[sosyalmedyahizmetlerim.com/example.d3c.delayed]
[sosyalmedyahizmetlerim.com/api.html]
[sosyalmedyahizmetlerim.com/signup.html]
[sosyalmedyahizmetlerim.com/resetpassword.html]
[sosyalmedyahizmetlerim.com/terms.html]
[sosyalmedyahizmetlerim.com/faq.html]
[sosyalmedyahizmetlerim.com/example.html]
[smm360.com/img/files/8f53a76199c951d157cc1a3454df0f19.png]
[smm360.com/img/files/1044e42675b92c8be96657d2cdd280b5.png]
